[0319/231859.011:ERROR:mf_helpers.cc(14)] Error in dxva_video_decode_accelerator_win.cc on line 1612
[0319/231859.011:ERROR:mf_helpers.cc(14)] Error in dxva_video_decode_accelerator_win.cc on line 842
[0319/231859.025:WARNING:angle_platform_impl.cc(52)] compileToBinary(230): 
C:\fakepath(69,8-58): warning X3571: pow(f, e) will not work for negative f, use abs(f) or conditionally handle negative values if you expect them
C:\fakepath(77,9-43): warning X3571: pow(f, e) will not work for negative f, use abs(f) or conditionally handle negative values if you expect them

[0319/231958.910:ERROR:mf_helpers.cc(14)] Error in dxva_video_decode_accelerator_win.cc on line 1612
[0319/231958.910:ERROR:mf_helpers.cc(14)] Error in dxva_video_decode_accelerator_win.cc on line 842
[0321/143854.304:ERROR:mf_helpers.cc(14)] Error in dxva_video_decode_accelerator_win.cc on line 1612
[0321/143854.305:ERROR:mf_helpers.cc(14)] Error in dxva_video_decode_accelerator_win.cc on line 842
[0321/143854.320:WARNING:angle_platform_impl.cc(52)] compileToBinary(230): 
C:\fakepath(69,8-58): warning X3571: pow(f, e) will not work for negative f, use abs(f) or conditionally handle negative values if you expect them
C:\fakepath(77,9-43): warning X3571: pow(f, e) will not work for negative f, use abs(f) or conditionally handle negative values if you expect them

[0321/143854.595:ERROR:mf_helpers.cc(14)] Error in dxva_video_decode_accelerator_win.cc on line 1612
[0321/143854.595:ERROR:mf_helpers.cc(14)] Error in dxva_video_decode_accelerator_win.cc on line 842
[0321/144330.607:ERROR:mf_helpers.cc(14)] Error in dxva_video_decode_accelerator_win.cc on line 1612
[0321/144330.607:ERROR:mf_helpers.cc(14)] Error in dxva_video_decode_accelerator_win.cc on line 842
[0321/144332.487:ERROR:mf_helpers.cc(14)] Error in dxva_video_decode_accelerator_win.cc on line 1612
[0321/144332.487:ERROR:mf_helpers.cc(14)] Error in dxva_video_decode_accelerator_win.cc on line 842
[0321/144407.481:ERROR:mf_helpers.cc(14)] Error in dxva_video_decode_accelerator_win.cc on line 1612
[0321/144407.481:ERROR:mf_helpers.cc(14)] Error in dxva_video_decode_accelerator_win.cc on line 842
[0321/144630.136:ERROR:mf_helpers.cc(14)] Error in dxva_video_decode_accelerator_win.cc on line 1612
[0321/144630.136:ERROR:mf_helpers.cc(14)] Error in dxva_video_decode_accelerator_win.cc on line 842
[0321/144729.048:ERROR:mf_helpers.cc(14)] Error in dxva_video_decode_accelerator_win.cc on line 1612
[0321/144729.048:ERROR:mf_helpers.cc(14)] Error in dxva_video_decode_accelerator_win.cc on line 842
[0321/144729.674:ERROR:mf_helpers.cc(14)] Error in dxva_video_decode_accelerator_win.cc on line 1612
[0321/144729.674:ERROR:mf_helpers.cc(14)] Error in dxva_video_decode_accelerator_win.cc on line 842
[0321/144729.979:ERROR:mf_helpers.cc(14)] Error in dxva_video_decode_accelerator_win.cc on line 1612
[0321/144729.980:ERROR:mf_helpers.cc(14)] Error in dxva_video_decode_accelerator_win.cc on line 842
[0321/144850.216:ERROR:mf_helpers.cc(14)] Error in dxva_video_decode_accelerator_win.cc on line 1612
[0321/144850.216:ERROR:mf_helpers.cc(14)] Error in dxva_video_decode_accelerator_win.cc on line 842
[0321/145324.826:ERROR:mf_helpers.cc(14)] Error in dxva_video_decode_accelerator_win.cc on line 1612
[0321/145324.826:ERROR:mf_helpers.cc(14)] Error in dxva_video_decode_accelerator_win.cc on line 842
[0321/234503.981:ERROR:mf_helpers.cc(14)] Error in dxva_video_decode_accelerator_win.cc on line 1612
[0321/234503.981:ERROR:mf_helpers.cc(14)] Error in dxva_video_decode_accelerator_win.cc on line 842
[0321/234503.998:WARNING:angle_platform_impl.cc(52)] compileToBinary(230): 
C:\fakepath(69,8-58): warning X3571: pow(f, e) will not work for negative f, use abs(f) or conditionally handle negative values if you expect them
C:\fakepath(77,9-43): warning X3571: pow(f, e) will not work for negative f, use abs(f) or conditionally handle negative values if you expect them

[0321/234529.066:ERROR:mf_helpers.cc(14)] Error in dxva_video_decode_accelerator_win.cc on line 1612
[0321/234529.066:ERROR:mf_helpers.cc(14)] Error in dxva_video_decode_accelerator_win.cc on line 842
[0321/234530.000:ERROR:mf_helpers.cc(14)] Error in dxva_video_decode_accelerator_win.cc on line 1612
[0321/234530.000:ERROR:mf_helpers.cc(14)] Error in dxva_video_decode_accelerator_win.cc on line 842
[0321/234530.626:ERROR:mf_helpers.cc(14)] Error in dxva_video_decode_accelerator_win.cc on line 1612
[0321/234530.626:ERROR:mf_helpers.cc(14)] Error in dxva_video_decode_accelerator_win.cc on line 842
[0321/234625.152:ERROR:mf_helpers.cc(14)] Error in dxva_video_decode_accelerator_win.cc on line 1612
[0321/234625.153:ERROR:mf_helpers.cc(14)] Error in dxva_video_decode_accelerator_win.cc on line 842
[0324/144325.778:ERROR:mf_helpers.cc(14)] Error in dxva_video_decode_accelerator_win.cc on line 1612
[0324/144325.779:ERROR:mf_helpers.cc(14)] Error in dxva_video_decode_accelerator_win.cc on line 842
[0324/144325.792:WARNING:angle_platform_impl.cc(52)] compileToBinary(230): 
C:\fakepath(69,8-58): warning X3571: pow(f, e) will not work for negative f, use abs(f) or conditionally handle negative values if you expect them
C:\fakepath(77,9-43): warning X3571: pow(f, e) will not work for negative f, use abs(f) or conditionally handle negative values if you expect them

[0324/145757.375:ERROR:mf_helpers.cc(14)] Error in dxva_video_decode_accelerator_win.cc on line 1612
[0324/145757.375:ERROR:mf_helpers.cc(14)] Error in dxva_video_decode_accelerator_win.cc on line 842
[0324/145846.527:ERROR:mf_helpers.cc(14)] Error in dxva_video_decode_accelerator_win.cc on line 1612
[0324/145846.527:ERROR:mf_helpers.cc(14)] Error in dxva_video_decode_accelerator_win.cc on line 842
[0324/153342.686:ERROR:mf_helpers.cc(14)] Error in dxva_video_decode_accelerator_win.cc on line 1612
[0324/153342.686:ERROR:mf_helpers.cc(14)] Error in dxva_video_decode_accelerator_win.cc on line 842
[0327/171054.933:ERROR:mf_helpers.cc(14)] Error in dxva_video_decode_accelerator_win.cc on line 1612
[0327/171054.934:ERROR:mf_helpers.cc(14)] Error in dxva_video_decode_accelerator_win.cc on line 842
[0327/171054.953:WARNING:angle_platform_impl.cc(52)] compileToBinary(230): 
C:\fakepath(69,8-58): warning X3571: pow(f, e) will not work for negative f, use abs(f) or conditionally handle negative values if you expect them
C:\fakepath(77,9-43): warning X3571: pow(f, e) will not work for negative f, use abs(f) or conditionally handle negative values if you expect them

[0327/171144.314:ERROR:mf_helpers.cc(14)] Error in dxva_video_decode_accelerator_win.cc on line 1612
[0327/171144.314:ERROR:mf_helpers.cc(14)] Error in dxva_video_decode_accelerator_win.cc on line 842
[0331/012407.687:ERROR:mf_helpers.cc(14)] Error in dxva_video_decode_accelerator_win.cc on line 1612
[0331/012407.688:ERROR:mf_helpers.cc(14)] Error in dxva_video_decode_accelerator_win.cc on line 842
[0331/012519.943:ERROR:mf_helpers.cc(14)] Error in dxva_video_decode_accelerator_win.cc on line 1612
[0331/012519.943:ERROR:mf_helpers.cc(14)] Error in dxva_video_decode_accelerator_win.cc on line 842
[0331/012519.957:WARNING:angle_platform_impl.cc(52)] compileToBinary(230): 
C:\fakepath(69,8-58): warning X3571: pow(f, e) will not work for negative f, use abs(f) or conditionally handle negative values if you expect them
C:\fakepath(77,9-43): warning X3571: pow(f, e) will not work for negative f, use abs(f) or conditionally handle negative values if you expect them

[0331/012630.355:ERROR:mf_helpers.cc(14)] Error in dxva_video_decode_accelerator_win.cc on line 1612
[0331/012630.355:ERROR:mf_helpers.cc(14)] Error in dxva_video_decode_accelerator_win.cc on line 842
[0331/012630.973:ERROR:mf_helpers.cc(14)] Error in dxva_video_decode_accelerator_win.cc on line 1612
[0331/012630.973:ERROR:mf_helpers.cc(14)] Error in dxva_video_decode_accelerator_win.cc on line 842
[0331/012631.278:ERROR:mf_helpers.cc(14)] Error in dxva_video_decode_accelerator_win.cc on line 1612
[0331/012631.278:ERROR:mf_helpers.cc(14)] Error in dxva_video_decode_accelerator_win.cc on line 842
[0410/005308.365:ERROR:mf_helpers.cc(14)] Error in dxva_video_decode_accelerator_win.cc on line 1612
[0410/005308.366:ERROR:mf_helpers.cc(14)] Error in dxva_video_decode_accelerator_win.cc on line 842
[0410/005308.380:WARNING:angle_platform_impl.cc(52)] compileToBinary(230): 
C:\fakepath(69,8-58): warning X3571: pow(f, e) will not work for negative f, use abs(f) or conditionally handle negative values if you expect them
C:\fakepath(77,9-43): warning X3571: pow(f, e) will not work for negative f, use abs(f) or conditionally handle negative values if you expect them

[0410/005410.614:ERROR:mf_helpers.cc(14)] Error in dxva_video_decode_accelerator_win.cc on line 1612
[0410/005410.614:ERROR:mf_helpers.cc(14)] Error in dxva_video_decode_accelerator_win.cc on line 842
[0410/005552.330:ERROR:mf_helpers.cc(14)] Error in dxva_video_decode_accelerator_win.cc on line 1612
[0410/005552.330:ERROR:mf_helpers.cc(14)] Error in dxva_video_decode_accelerator_win.cc on line 842
[0410/005720.768:ERROR:mf_helpers.cc(14)] Error in dxva_video_decode_accelerator_win.cc on line 1612
[0410/005720.768:ERROR:mf_helpers.cc(14)] Error in dxva_video_decode_accelerator_win.cc on line 842
[0410/005820.298:ERROR:mf_helpers.cc(14)] Error in dxva_video_decode_accelerator_win.cc on line 1612
[0410/005820.298:ERROR:mf_helpers.cc(14)] Error in dxva_video_decode_accelerator_win.cc on line 842
[0410/005821.548:ERROR:mf_helpers.cc(14)] Error in dxva_video_decode_accelerator_win.cc on line 1612
[0410/005821.548:ERROR:mf_helpers.cc(14)] Error in dxva_video_decode_accelerator_win.cc on line 842
[0410/005905.062:ERROR:mf_helpers.cc(14)] Error in dxva_video_decode_accelerator_win.cc on line 1612
[0410/005905.062:ERROR:mf_helpers.cc(14)] Error in dxva_video_decode_accelerator_win.cc on line 842
[0410/005914.750:ERROR:mf_helpers.cc(14)] Error in dxva_video_decode_accelerator_win.cc on line 1612
[0410/005914.750:ERROR:mf_helpers.cc(14)] Error in dxva_video_decode_accelerator_win.cc on line 842
[0410/010432.560:ERROR:mf_helpers.cc(14)] Error in dxva_video_decode_accelerator_win.cc on line 1612
[0410/010432.560:ERROR:mf_helpers.cc(14)] Error in dxva_video_decode_accelerator_win.cc on line 842
[0410/010432.876:ERROR:mf_helpers.cc(14)] Error in dxva_video_decode_accelerator_win.cc on line 1612
[0410/010432.876:ERROR:mf_helpers.cc(14)] Error in dxva_video_decode_accelerator_win.cc on line 842
[0410/011111.268:ERROR:mf_helpers.cc(14)] Error in dxva_video_decode_accelerator_win.cc on line 1612
[0410/011111.268:ERROR:mf_helpers.cc(14)] Error in dxva_video_decode_accelerator_win.cc on line 842
[0410/011111.285:WARNING:angle_platform_impl.cc(52)] compileToBinary(230): 
C:\fakepath(69,8-58): warning X3571: pow(f, e) will not work for negative f, use abs(f) or conditionally handle negative values if you expect them
C:\fakepath(77,9-43): warning X3571: pow(f, e) will not work for negative f, use abs(f) or conditionally handle negative values if you expect them

[0410/012354.898:ERROR:mf_helpers.cc(14)] Error in dxva_video_decode_accelerator_win.cc on line 1612
[0410/012354.899:ERROR:mf_helpers.cc(14)] Error in dxva_video_decode_accelerator_win.cc on line 842
[0410/012421.030:ERROR:mf_helpers.cc(14)] Error in dxva_video_decode_accelerator_win.cc on line 1612
[0410/012421.030:ERROR:mf_helpers.cc(14)] Error in dxva_video_decode_accelerator_win.cc on line 842
[0410/012421.064:WARNING:angle_platform_impl.cc(52)] compileToBinary(230): 
C:\fakepath(69,8-58): warning X3571: pow(f, e) will not work for negative f, use abs(f) or conditionally handle negative values if you expect them
C:\fakepath(77,9-43): warning X3571: pow(f, e) will not work for negative f, use abs(f) or conditionally handle negative values if you expect them

[0410/012427.277:ERROR:mf_helpers.cc(14)] Error in dxva_video_decode_accelerator_win.cc on line 1612
[0410/012427.278:ERROR:mf_helpers.cc(14)] Error in dxva_video_decode_accelerator_win.cc on line 842
[0410/012457.513:ERROR:mf_helpers.cc(14)] Error in dxva_video_decode_accelerator_win.cc on line 1612
[0410/012457.514:ERROR:mf_helpers.cc(14)] Error in dxva_video_decode_accelerator_win.cc on line 842
[0410/012522.358:ERROR:mf_helpers.cc(14)] Error in dxva_video_decode_accelerator_win.cc on line 1612
[0410/012522.358:ERROR:mf_helpers.cc(14)] Error in dxva_video_decode_accelerator_win.cc on line 842
[0410/012626.737:ERROR:mf_helpers.cc(14)] Error in dxva_video_decode_accelerator_win.cc on line 1612
[0410/012626.737:ERROR:mf_helpers.cc(14)] Error in dxva_video_decode_accelerator_win.cc on line 842
[0410/012628.606:ERROR:mf_helpers.cc(14)] Error in dxva_video_decode_accelerator_win.cc on line 1612
[0410/012628.606:ERROR:mf_helpers.cc(14)] Error in dxva_video_decode_accelerator_win.cc on line 842
[0410/012634.231:ERROR:mf_helpers.cc(14)] Error in dxva_video_decode_accelerator_win.cc on line 1612
[0410/012634.231:ERROR:mf_helpers.cc(14)] Error in dxva_video_decode_accelerator_win.cc on line 842
[0410/013003.298:ERROR:mf_helpers.cc(14)] Error in dxva_video_decode_accelerator_win.cc on line 1612
[0410/013003.298:ERROR:mf_helpers.cc(14)] Error in dxva_video_decode_accelerator_win.cc on line 842
[0410/013003.605:ERROR:mf_helpers.cc(14)] Error in dxva_video_decode_accelerator_win.cc on line 1612
[0410/013003.605:ERROR:mf_helpers.cc(14)] Error in dxva_video_decode_accelerator_win.cc on line 842
[0410/013032.122:ERROR:mf_helpers.cc(14)] Error in dxva_video_decode_accelerator_win.cc on line 1612
[0410/013032.122:ERROR:mf_helpers.cc(14)] Error in dxva_video_decode_accelerator_win.cc on line 842
[0410/013204.236:ERROR:mf_helpers.cc(14)] Error in dxva_video_decode_accelerator_win.cc on line 1612
[0410/013204.236:ERROR:mf_helpers.cc(14)] Error in dxva_video_decode_accelerator_win.cc on line 842
[0410/013301.653:ERROR:mf_helpers.cc(14)] Error in dxva_video_decode_accelerator_win.cc on line 1612
[0410/013301.653:ERROR:mf_helpers.cc(14)] Error in dxva_video_decode_accelerator_win.cc on line 842
[0423/155738.307:ERROR:mf_helpers.cc(14)] Error in dxva_video_decode_accelerator_win.cc on line 1612
[0423/155738.308:ERROR:mf_helpers.cc(14)] Error in dxva_video_decode_accelerator_win.cc on line 842
[0423/155738.321:WARNING:angle_platform_impl.cc(52)] compileToBinary(230): 
C:\fakepath(69,8-58): warning X3571: pow(f, e) will not work for negative f, use abs(f) or conditionally handle negative values if you expect them
C:\fakepath(77,9-43): warning X3571: pow(f, e) will not work for negative f, use abs(f) or conditionally handle negative values if you expect them

[0423/155952.284:ERROR:mf_helpers.cc(14)] Error in dxva_video_decode_accelerator_win.cc on line 1612
[0423/155952.284:ERROR:mf_helpers.cc(14)] Error in dxva_video_decode_accelerator_win.cc on line 842
[0423/155956.345:ERROR:mf_helpers.cc(14)] Error in dxva_video_decode_accelerator_win.cc on line 1612
[0423/155956.345:ERROR:mf_helpers.cc(14)] Error in dxva_video_decode_accelerator_win.cc on line 842
[0423/155957.281:ERROR:mf_helpers.cc(14)] Error in dxva_video_decode_accelerator_win.cc on line 1612
[0423/155957.281:ERROR:mf_helpers.cc(14)] Error in dxva_video_decode_accelerator_win.cc on line 842
[0423/155957.592:ERROR:mf_helpers.cc(14)] Error in dxva_video_decode_accelerator_win.cc on line 1612
[0423/155957.593:ERROR:mf_helpers.cc(14)] Error in dxva_video_decode_accelerator_win.cc on line 842
[0423/155957.901:ERROR:mf_helpers.cc(14)] Error in dxva_video_decode_accelerator_win.cc on line 1612
[0423/155957.901:ERROR:mf_helpers.cc(14)] Error in dxva_video_decode_accelerator_win.cc on line 842
[0423/160311.028:ERROR:mf_helpers.cc(14)] Error in dxva_video_decode_accelerator_win.cc on line 1612
[0423/160311.028:ERROR:mf_helpers.cc(14)] Error in dxva_video_decode_accelerator_win.cc on line 842
[0424/180417.709:ERROR:mf_helpers.cc(14)] Error in dxva_video_decode_accelerator_win.cc on line 1612
[0424/180417.709:ERROR:mf_helpers.cc(14)] Error in dxva_video_decode_accelerator_win.cc on line 842
[0424/180417.724:WARNING:angle_platform_impl.cc(52)] compileToBinary(230): 
C:\fakepath(69,8-58): warning X3571: pow(f, e) will not work for negative f, use abs(f) or conditionally handle negative values if you expect them
C:\fakepath(77,9-43): warning X3571: pow(f, e) will not work for negative f, use abs(f) or conditionally handle negative values if you expect them

[0424/180417.997:ERROR:mf_helpers.cc(14)] Error in dxva_video_decode_accelerator_win.cc on line 1612
[0424/180417.997:ERROR:mf_helpers.cc(14)] Error in dxva_video_decode_accelerator_win.cc on line 842
[0424/180418.312:ERROR:mf_helpers.cc(14)] Error in dxva_video_decode_accelerator_win.cc on line 1612
[0424/180418.312:ERROR:mf_helpers.cc(14)] Error in dxva_video_decode_accelerator_win.cc on line 842
[0521/011729.395:ERROR:mf_helpers.cc(14)] Error in dxva_video_decode_accelerator_win.cc on line 1612
[0521/011729.395:ERROR:mf_helpers.cc(14)] Error in dxva_video_decode_accelerator_win.cc on line 842
[0525/220720.815:ERROR:mf_helpers.cc(14)] Error in dxva_video_decode_accelerator_win.cc on line 1612
[0525/220720.816:ERROR:mf_helpers.cc(14)] Error in dxva_video_decode_accelerator_win.cc on line 842
[0525/220720.831:WARNING:angle_platform_impl.cc(52)] compileToBinary(230): 
C:\fakepath(69,8-58): warning X3571: pow(f, e) will not work for negative f, use abs(f) or conditionally handle negative values if you expect them
C:\fakepath(77,9-43): warning X3571: pow(f, e) will not work for negative f, use abs(f) or conditionally handle negative values if you expect them

[0613/160410.179:ERROR:mf_helpers.cc(14)] Error in dxva_video_decode_accelerator_win.cc on line 1612
[0613/160410.180:ERROR:mf_helpers.cc(14)] Error in dxva_video_decode_accelerator_win.cc on line 842
[0613/160410.193:WARNING:angle_platform_impl.cc(52)] compileToBinary(230): 
C:\fakepath(69,8-58): warning X3571: pow(f, e) will not work for negative f, use abs(f) or conditionally handle negative values if you expect them
C:\fakepath(77,9-43): warning X3571: pow(f, e) will not work for negative f, use abs(f) or conditionally handle negative values if you expect them

[0613/160523.593:ERROR:mf_helpers.cc(14)] Error in dxva_video_decode_accelerator_win.cc on line 1612
[0613/160523.593:ERROR:mf_helpers.cc(14)] Error in dxva_video_decode_accelerator_win.cc on line 842
[0613/180012.694:ERROR:mf_helpers.cc(14)] Error in dxva_video_decode_accelerator_win.cc on line 1612
[0613/180012.694:ERROR:mf_helpers.cc(14)] Error in dxva_video_decode_accelerator_win.cc on line 842
[0613/180012.711:WARNING:angle_platform_impl.cc(52)] compileToBinary(230): 
C:\fakepath(69,8-58): warning X3571: pow(f, e) will not work for negative f, use abs(f) or conditionally handle negative values if you expect them
C:\fakepath(77,9-43): warning X3571: pow(f, e) will not work for negative f, use abs(f) or conditionally handle negative values if you expect them

[0613/180012.905:ERROR:mf_helpers.cc(14)] Error in dxva_video_decode_accelerator_win.cc on line 1612
[0613/180012.905:ERROR:mf_helpers.cc(14)] Error in dxva_video_decode_accelerator_win.cc on line 842
[0613/180312.753:ERROR:mf_helpers.cc(14)] Error in dxva_video_decode_accelerator_win.cc on line 1612
[0613/180312.753:ERROR:mf_helpers.cc(14)] Error in dxva_video_decode_accelerator_win.cc on line 842
[0613/222753.562:INFO:CONSOLE(1)] "Long rAF frame-time", source: file:///C:/Program%20Files/Adobe/Adobe%20Photoshop%202020/Required/www-rich-tooltips/build/external.js (1)
[0613/222753.625:ERROR:mf_helpers.cc(14)] Error in dxva_video_decode_accelerator_win.cc on line 1612
[0613/222753.625:ERROR:mf_helpers.cc(14)] Error in dxva_video_decode_accelerator_win.cc on line 842
[0613/222753.639:WARNING:angle_platform_impl.cc(52)] compileToBinary(230): 
C:\fakepath(69,8-58): warning X3571: pow(f, e) will not work for negative f, use abs(f) or conditionally handle negative values if you expect them
C:\fakepath(77,9-43): warning X3571: pow(f, e) will not work for negative f, use abs(f) or conditionally handle negative values if you expect them

[0614/020609.076:ERROR:mf_helpers.cc(14)] Error in dxva_video_decode_accelerator_win.cc on line 1612
[0614/020609.076:ERROR:mf_helpers.cc(14)] Error in dxva_video_decode_accelerator_win.cc on line 842
[0614/040618.093:ERROR:mf_helpers.cc(14)] Error in dxva_video_decode_accelerator_win.cc on line 1612
[0614/040618.094:ERROR:mf_helpers.cc(14)] Error in dxva_video_decode_accelerator_win.cc on line 842
[0614/040618.111:WARNING:angle_platform_impl.cc(52)] compileToBinary(230): 
C:\fakepath(69,8-58): warning X3571: pow(f, e) will not work for negative f, use abs(f) or conditionally handle negative values if you expect them
C:\fakepath(77,9-43): warning X3571: pow(f, e) will not work for negative f, use abs(f) or conditionally handle negative values if you expect them

[0614/041020.092:ERROR:mf_helpers.cc(14)] Error in dxva_video_decode_accelerator_win.cc on line 1612
[0614/041020.092:ERROR:mf_helpers.cc(14)] Error in dxva_video_decode_accelerator_win.cc on line 842
[0614/041104.544:ERROR:mf_helpers.cc(14)] Error in dxva_video_decode_accelerator_win.cc on line 1612
[0614/041104.544:ERROR:mf_helpers.cc(14)] Error in dxva_video_decode_accelerator_win.cc on line 842
[0614/041326.348:ERROR:mf_helpers.cc(14)] Error in dxva_video_decode_accelerator_win.cc on line 1612
[0614/041326.348:ERROR:mf_helpers.cc(14)] Error in dxva_video_decode_accelerator_win.cc on line 842
[0614/041658.528:ERROR:mf_helpers.cc(14)] Error in dxva_video_decode_accelerator_win.cc on line 1612
[0614/041658.528:ERROR:mf_helpers.cc(14)] Error in dxva_video_decode_accelerator_win.cc on line 842
[0614/041701.582:ERROR:mf_helpers.cc(14)] Error in dxva_video_decode_accelerator_win.cc on line 1612
[0614/041701.582:ERROR:mf_helpers.cc(14)] Error in dxva_video_decode_accelerator_win.cc on line 842
[0614/041702.831:ERROR:mf_helpers.cc(14)] Error in dxva_video_decode_accelerator_win.cc on line 1612
[0614/041702.831:ERROR:mf_helpers.cc(14)] Error in dxva_video_decode_accelerator_win.cc on line 842
[0614/041706.424:ERROR:mf_helpers.cc(14)] Error in dxva_video_decode_accelerator_win.cc on line 1612
[0614/041706.424:ERROR:mf_helpers.cc(14)] Error in dxva_video_decode_accelerator_win.cc on line 842
[0614/041707.049:ERROR:mf_helpers.cc(14)] Error in dxva_video_decode_accelerator_win.cc on line 1612
[0614/041707.049:ERROR:mf_helpers.cc(14)] Error in dxva_video_decode_accelerator_win.cc on line 842
[0614/041901.426:ERROR:mf_helpers.cc(14)] Error in dxva_video_decode_accelerator_win.cc on line 1612
[0614/041901.426:ERROR:mf_helpers.cc(14)] Error in dxva_video_decode_accelerator_win.cc on line 842
[0614/042025.483:ERROR:mf_helpers.cc(14)] Error in dxva_video_decode_accelerator_win.cc on line 1612
[0614/042025.483:ERROR:mf_helpers.cc(14)] Error in dxva_video_decode_accelerator_win.cc on line 842
[0614/042038.140:ERROR:mf_helpers.cc(14)] Error in dxva_video_decode_accelerator_win.cc on line 1612
[0614/042038.140:ERROR:mf_helpers.cc(14)] Error in dxva_video_decode_accelerator_win.cc on line 842
[0614/042038.451:ERROR:mf_helpers.cc(14)] Error in dxva_video_decode_accelerator_win.cc on line 1612
[0614/042038.451:ERROR:mf_helpers.cc(14)] Error in dxva_video_decode_accelerator_win.cc on line 842
[0614/042237.824:ERROR:mf_helpers.cc(14)] Error in dxva_video_decode_accelerator_win.cc on line 1612
[0614/042237.824:ERROR:mf_helpers.cc(14)] Error in dxva_video_decode_accelerator_win.cc on line 842
[0614/042238.142:ERROR:mf_helpers.cc(14)] Error in dxva_video_decode_accelerator_win.cc on line 1612
[0614/042238.142:ERROR:mf_helpers.cc(14)] Error in dxva_video_decode_accelerator_win.cc on line 842
[0616/022259.372:ERROR:mf_helpers.cc(14)] Error in dxva_video_decode_accelerator_win.cc on line 1612
[0616/022259.372:ERROR:mf_helpers.cc(14)] Error in dxva_video_decode_accelerator_win.cc on line 842
[0616/022259.390:WARNING:angle_platform_impl.cc(52)] compileToBinary(230): 
C:\fakepath(69,8-58): warning X3571: pow(f, e) will not work for negative f, use abs(f) or conditionally handle negative values if you expect them
C:\fakepath(77,9-43): warning X3571: pow(f, e) will not work for negative f, use abs(f) or conditionally handle negative values if you expect them

[0616/164519.978:ERROR:mf_helpers.cc(14)] Error in dxva_video_decode_accelerator_win.cc on line 1612
[0616/164519.979:ERROR:mf_helpers.cc(14)] Error in dxva_video_decode_accelerator_win.cc on line 842
[0616/164519.993:WARNING:angle_platform_impl.cc(52)] compileToBinary(230): 
C:\fakepath(69,8-58): warning X3571: pow(f, e) will not work for negative f, use abs(f) or conditionally handle negative values if you expect them
C:\fakepath(77,9-43): warning X3571: pow(f, e) will not work for negative f, use abs(f) or conditionally handle negative values if you expect them

[0616/165144.878:ERROR:mf_helpers.cc(14)] Error in dxva_video_decode_accelerator_win.cc on line 1612
[0616/165144.878:ERROR:mf_helpers.cc(14)] Error in dxva_video_decode_accelerator_win.cc on line 842
[0618/170009.312:ERROR:mf_helpers.cc(14)] Error in dxva_video_decode_accelerator_win.cc on line 1612
[0618/170009.312:ERROR:mf_helpers.cc(14)] Error in dxva_video_decode_accelerator_win.cc on line 842
[0618/170009.328:WARNING:angle_platform_impl.cc(52)] compileToBinary(230): 
C:\fakepath(69,8-58): warning X3571: pow(f, e) will not work for negative f, use abs(f) or conditionally handle negative values if you expect them
C:\fakepath(77,9-43): warning X3571: pow(f, e) will not work for negative f, use abs(f) or conditionally handle negative values if you expect them

[0621/163813.103:ERROR:mf_helpers.cc(14)] Error in dxva_video_decode_accelerator_win.cc on line 1612
[0621/163813.104:ERROR:mf_helpers.cc(14)] Error in dxva_video_decode_accelerator_win.cc on line 842
[0621/163813.148:WARNING:angle_platform_impl.cc(52)] compileToBinary(230): 
C:\fakepath(69,8-58): warning X3571: pow(f, e) will not work for negative f, use abs(f) or conditionally handle negative values if you expect them
C:\fakepath(77,9-43): warning X3571: pow(f, e) will not work for negative f, use abs(f) or conditionally handle negative values if you expect them

[0621/173202.981:ERROR:mf_helpers.cc(14)] Error in dxva_video_decode_accelerator_win.cc on line 1612
[0621/173202.981:ERROR:mf_helpers.cc(14)] Error in dxva_video_decode_accelerator_win.cc on line 842
[0621/173204.559:ERROR:mf_helpers.cc(14)] Error in dxva_video_decode_accelerator_win.cc on line 1612
[0621/173204.559:ERROR:mf_helpers.cc(14)] Error in dxva_video_decode_accelerator_win.cc on line 842
[0621/173204.860:ERROR:mf_helpers.cc(14)] Error in dxva_video_decode_accelerator_win.cc on line 1612
[0621/173204.860:ERROR:mf_helpers.cc(14)] Error in dxva_video_decode_accelerator_win.cc on line 842
[0621/173512.340:ERROR:mf_helpers.cc(14)] Error in dxva_video_decode_accelerator_win.cc on line 1612
[0621/173512.340:ERROR:mf_helpers.cc(14)] Error in dxva_video_decode_accelerator_win.cc on line 842
[0621/173512.647:ERROR:mf_helpers.cc(14)] Error in dxva_video_decode_accelerator_win.cc on line 1612
[0621/173512.647:ERROR:mf_helpers.cc(14)] Error in dxva_video_decode_accelerator_win.cc on line 842
[0621/173513.272:ERROR:mf_helpers.cc(14)] Error in dxva_video_decode_accelerator_win.cc on line 1612
[0621/173513.272:ERROR:mf_helpers.cc(14)] Error in dxva_video_decode_accelerator_win.cc on line 842
[0621/173515.457:ERROR:mf_helpers.cc(14)] Error in dxva_video_decode_accelerator_win.cc on line 1612
[0621/173515.457:ERROR:mf_helpers.cc(14)] Error in dxva_video_decode_accelerator_win.cc on line 842
[0621/173516.707:ERROR:mf_helpers.cc(14)] Error in dxva_video_decode_accelerator_win.cc on line 1612
[0621/173516.707:ERROR:mf_helpers.cc(14)] Error in dxva_video_decode_accelerator_win.cc on line 842
[0621/173755.972:ERROR:mf_helpers.cc(14)] Error in dxva_video_decode_accelerator_win.cc on line 1612
[0621/173755.972:ERROR:mf_helpers.cc(14)] Error in dxva_video_decode_accelerator_win.cc on line 842
[0621/173925.052:ERROR:mf_helpers.cc(14)] Error in dxva_video_decode_accelerator_win.cc on line 1612
[0621/173925.052:ERROR:mf_helpers.cc(14)] Error in dxva_video_decode_accelerator_win.cc on line 842
[0622/020639.838:ERROR:mf_helpers.cc(14)] Error in dxva_video_decode_accelerator_win.cc on line 1612
[0622/020639.838:ERROR:mf_helpers.cc(14)] Error in dxva_video_decode_accelerator_win.cc on line 842
[0622/020639.852:WARNING:angle_platform_impl.cc(52)] compileToBinary(230): 
C:\fakepath(69,8-58): warning X3571: pow(f, e) will not work for negative f, use abs(f) or conditionally handle negative values if you expect them
C:\fakepath(77,9-43): warning X3571: pow(f, e) will not work for negative f, use abs(f) or conditionally handle negative values if you expect them

[0622/024825.101:ERROR:mf_helpers.cc(14)] Error in dxva_video_decode_accelerator_win.cc on line 1612
[0622/024825.102:ERROR:mf_helpers.cc(14)] Error in dxva_video_decode_accelerator_win.cc on line 842
[0622/024825.414:ERROR:mf_helpers.cc(14)] Error in dxva_video_decode_accelerator_win.cc on line 1612
[0622/024825.414:ERROR:mf_helpers.cc(14)] Error in dxva_video_decode_accelerator_win.cc on line 842
[0622/024826.346:ERROR:mf_helpers.cc(14)] Error in dxva_video_decode_accelerator_win.cc on line 1612
[0622/024826.346:ERROR:mf_helpers.cc(14)] Error in dxva_video_decode_accelerator_win.cc on line 842
[0623/020335.844:ERROR:mf_helpers.cc(14)] Error in dxva_video_decode_accelerator_win.cc on line 1612
[0623/020335.844:ERROR:mf_helpers.cc(14)] Error in dxva_video_decode_accelerator_win.cc on line 842
[0623/020335.858:WARNING:angle_platform_impl.cc(52)] compileToBinary(230): 
C:\fakepath(69,8-58): warning X3571: pow(f, e) will not work for negative f, use abs(f) or conditionally handle negative values if you expect them
C:\fakepath(77,9-43): warning X3571: pow(f, e) will not work for negative f, use abs(f) or conditionally handle negative values if you expect them

[0623/023226.936:ERROR:mf_helpers.cc(14)] Error in dxva_video_decode_accelerator_win.cc on line 1612
[0623/023226.937:ERROR:mf_helpers.cc(14)] Error in dxva_video_decode_accelerator_win.cc on line 842
[0623/023226.952:WARNING:angle_platform_impl.cc(52)] compileToBinary(230): 
C:\fakepath(69,8-58): warning X3571: pow(f, e) will not work for negative f, use abs(f) or conditionally handle negative values if you expect them
C:\fakepath(77,9-43): warning X3571: pow(f, e) will not work for negative f, use abs(f) or conditionally handle negative values if you expect them

[0623/023233.415:ERROR:mf_helpers.cc(14)] Error in dxva_video_decode_accelerator_win.cc on line 1612
[0623/023233.415:ERROR:mf_helpers.cc(14)] Error in dxva_video_decode_accelerator_win.cc on line 842
[0623/023712.716:ERROR:mf_helpers.cc(14)] Error in dxva_video_decode_accelerator_win.cc on line 1612
[0623/023712.716:ERROR:mf_helpers.cc(14)] Error in dxva_video_decode_accelerator_win.cc on line 842
[0623/152351.363:ERROR:mf_helpers.cc(14)] Error in dxva_video_decode_accelerator_win.cc on line 1612
[0623/152351.363:ERROR:mf_helpers.cc(14)] Error in dxva_video_decode_accelerator_win.cc on line 842
[0623/152351.380:WARNING:angle_platform_impl.cc(52)] compileToBinary(230): 
C:\fakepath(69,8-58): warning X3571: pow(f, e) will not work for negative f, use abs(f) or conditionally handle negative values if you expect them
C:\fakepath(77,9-43): warning X3571: pow(f, e) will not work for negative f, use abs(f) or conditionally handle negative values if you expect them

[0623/152615.683:ERROR:mf_helpers.cc(14)] Error in dxva_video_decode_accelerator_win.cc on line 1612
[0623/152615.683:ERROR:mf_helpers.cc(14)] Error in dxva_video_decode_accelerator_win.cc on line 842
[0623/152615.990:ERROR:mf_helpers.cc(14)] Error in dxva_video_decode_accelerator_win.cc on line 1612
[0623/152615.990:ERROR:mf_helpers.cc(14)] Error in dxva_video_decode_accelerator_win.cc on line 842
[0623/153205.841:ERROR:mf_helpers.cc(14)] Error in dxva_video_decode_accelerator_win.cc on line 1612
[0623/153205.841:ERROR:mf_helpers.cc(14)] Error in dxva_video_decode_accelerator_win.cc on line 842
[0623/153206.772:ERROR:mf_helpers.cc(14)] Error in dxva_video_decode_accelerator_win.cc on line 1612
[0623/153206.772:ERROR:mf_helpers.cc(14)] Error in dxva_video_decode_accelerator_win.cc on line 842
[0623/153234.037:ERROR:mf_helpers.cc(14)] Error in dxva_video_decode_accelerator_win.cc on line 1612
[0623/153234.037:ERROR:mf_helpers.cc(14)] Error in dxva_video_decode_accelerator_win.cc on line 842
[0623/153234.350:ERROR:mf_helpers.cc(14)] Error in dxva_video_decode_accelerator_win.cc on line 1612
[0623/153234.350:ERROR:mf_helpers.cc(14)] Error in dxva_video_decode_accelerator_win.cc on line 842
[0623/153300.053:ERROR:mf_helpers.cc(14)] Error in dxva_video_decode_accelerator_win.cc on line 1612
[0623/153300.053:ERROR:mf_helpers.cc(14)] Error in dxva_video_decode_accelerator_win.cc on line 842
[0623/154002.867:ERROR:mf_helpers.cc(14)] Error in dxva_video_decode_accelerator_win.cc on line 1612
[0623/154002.867:ERROR:mf_helpers.cc(14)] Error in dxva_video_decode_accelerator_win.cc on line 842
[0624/010851.962:ERROR:mf_helpers.cc(14)] Error in dxva_video_decode_accelerator_win.cc on line 1612
[0624/010851.962:ERROR:mf_helpers.cc(14)] Error in dxva_video_decode_accelerator_win.cc on line 842
[0624/010851.976:WARNING:angle_platform_impl.cc(52)] compileToBinary(230): 
C:\fakepath(69,8-58): warning X3571: pow(f, e) will not work for negative f, use abs(f) or conditionally handle negative values if you expect them
C:\fakepath(77,9-43): warning X3571: pow(f, e) will not work for negative f, use abs(f) or conditionally handle negative values if you expect them

[0624/010916.548:ERROR:mf_helpers.cc(14)] Error in dxva_video_decode_accelerator_win.cc on line 1612
[0624/010916.548:ERROR:mf_helpers.cc(14)] Error in dxva_video_decode_accelerator_win.cc on line 842
[0624/010917.167:ERROR:mf_helpers.cc(14)] Error in dxva_video_decode_accelerator_win.cc on line 1612
[0624/010917.167:ERROR:mf_helpers.cc(14)] Error in dxva_video_decode_accelerator_win.cc on line 842
[0624/010917.484:ERROR:mf_helpers.cc(14)] Error in dxva_video_decode_accelerator_win.cc on line 1612
[0624/010917.484:ERROR:mf_helpers.cc(14)] Error in dxva_video_decode_accelerator_win.cc on line 842
[0624/010936.931:ERROR:mf_helpers.cc(14)] Error in dxva_video_decode_accelerator_win.cc on line 1612
[0624/010936.931:ERROR:mf_helpers.cc(14)] Error in dxva_video_decode_accelerator_win.cc on line 842
[0624/011446.459:ERROR:mf_helpers.cc(14)] Error in dxva_video_decode_accelerator_win.cc on line 1612
[0624/011446.459:ERROR:mf_helpers.cc(14)] Error in dxva_video_decode_accelerator_win.cc on line 842
[0627/213838.239:WARNING:dns_config_service_win.cc(668)] Failed to read DnsConfig.
[0627/213843.241:WARNING:dns_config_service_win.cc(668)] Failed to read DnsConfig.
[0627/213908.723:WARNING:dns_config_service_win.cc(668)] Failed to read DnsConfig.
[0627/213913.733:WARNING:dns_config_service_win.cc(668)] Failed to read DnsConfig.
[0627/213918.744:WARNING:dns_config_service_win.cc(668)] Failed to read DnsConfig.
[0627/213923.752:WARNING:dns_config_service_win.cc(668)] Failed to read DnsConfig.
[0627/213928.756:WARNING:dns_config_service_win.cc(668)] Failed to read DnsConfig.
[0627/213950.958:WARNING:dns_config_service_win.cc(668)] Failed to read DnsConfig.
[0627/213955.962:WARNING:dns_config_service_win.cc(668)] Failed to read DnsConfig.
[0627/214000.970:WARNING:dns_config_service_win.cc(668)] Failed to read DnsConfig.
[0627/214005.983:WARNING:dns_config_service_win.cc(668)] Failed to read DnsConfig.
[0627/214010.996:WARNING:dns_config_service_win.cc(668)] Failed to read DnsConfig.
[0627/214033.086:WARNING:dns_config_service_win.cc(668)] Failed to read DnsConfig.
[0627/214033.092:WARNING:dns_config_service_win.cc(668)] Failed to read DnsConfig.
[0627/214038.096:WARNING:dns_config_service_win.cc(668)] Failed to read DnsConfig.
[0627/214043.100:WARNING:dns_config_service_win.cc(668)] Failed to read DnsConfig.
[0627/214048.118:WARNING:dns_config_service_win.cc(668)] Failed to read DnsConfig.
[0627/214053.127:WARNING:dns_config_service_win.cc(668)] Failed to read DnsConfig.
[0627/214121.343:WARNING:dns_config_service_win.cc(668)] Failed to read DnsConfig.
[0627/214121.786:WARNING:dns_config_service_win.cc(668)] Failed to read DnsConfig.
[0627/214126.359:WARNING:dns_config_service_win.cc(668)] Failed to read DnsConfig.
[0627/214126.800:WARNING:dns_config_service_win.cc(668)] Failed to read DnsConfig.
[0627/214131.373:WARNING:dns_config_service_win.cc(668)] Failed to read DnsConfig.
[0627/214131.813:WARNING:dns_config_service_win.cc(668)] Failed to read DnsConfig.
[0627/214136.384:WARNING:dns_config_service_win.cc(668)] Failed to read DnsConfig.
[0627/214136.823:WARNING:dns_config_service_win.cc(668)] Failed to read DnsConfig.
[0627/214141.399:WARNING:dns_config_service_win.cc(668)] Failed to read DnsConfig.
[0627/214141.836:WARNING:dns_config_service_win.cc(668)] Failed to read DnsConfig.
[0627/214212.737:WARNING:dns_config_service_win.cc(668)] Failed to read DnsConfig.
[0627/214217.741:WARNING:dns_config_service_win.cc(668)] Failed to read DnsConfig.
[0627/214222.753:WARNING:dns_config_service_win.cc(668)] Failed to read DnsConfig.
[0627/214227.764:WARNING:dns_config_service_win.cc(668)] Failed to read DnsConfig.
[0627/214232.772:WARNING:dns_config_service_win.cc(668)] Failed to read DnsConfig.
[0627/214254.976:WARNING:dns_config_service_win.cc(668)] Failed to read DnsConfig.
[0627/214259.987:WARNING:dns_config_service_win.cc(668)] Failed to read DnsConfig.
[0627/214304.999:WARNING:dns_config_service_win.cc(668)] Failed to read DnsConfig.
[0627/214310.014:WARNING:dns_config_service_win.cc(668)] Failed to read DnsConfig.
[0627/214315.028:WARNING:dns_config_service_win.cc(668)] Failed to read DnsConfig.
[0627/214340.219:WARNING:dns_config_service_win.cc(668)] Failed to read DnsConfig.
[0627/214345.222:WARNING:dns_config_service_win.cc(668)] Failed to read DnsConfig.
[0627/214350.235:WARNING:dns_config_service_win.cc(668)] Failed to read DnsConfig.
[0627/214355.247:WARNING:dns_config_service_win.cc(668)] Failed to read DnsConfig.
[0627/214400.264:WARNING:dns_config_service_win.cc(668)] Failed to read DnsConfig.
[0627/214422.559:WARNING:dns_config_service_win.cc(668)] Failed to read DnsConfig.
[0627/214427.563:WARNING:dns_config_service_win.cc(668)] Failed to read DnsConfig.
[0627/214432.565:WARNING:dns_config_service_win.cc(668)] Failed to read DnsConfig.
[0627/214437.568:WARNING:dns_config_service_win.cc(668)] Failed to read DnsConfig.
[0627/214442.582:WARNING:dns_config_service_win.cc(668)] Failed to read DnsConfig.
[0627/214506.672:WARNING:dns_config_service_win.cc(668)] Failed to read DnsConfig.
[0627/214511.677:WARNING:dns_config_service_win.cc(668)] Failed to read DnsConfig.
[0627/214516.688:WARNING:dns_config_service_win.cc(668)] Failed to read DnsConfig.
[0627/214521.695:WARNING:dns_config_service_win.cc(668)] Failed to read DnsConfig.
[0627/214526.710:WARNING:dns_config_service_win.cc(668)] Failed to read DnsConfig.
[0627/214551.301:WARNING:dns_config_service_win.cc(668)] Failed to read DnsConfig.
[0627/214556.306:WARNING:dns_config_service_win.cc(668)] Failed to read DnsConfig.
[0627/214601.311:WARNING:dns_config_service_win.cc(668)] Failed to read DnsConfig.
[0627/214606.324:WARNING:dns_config_service_win.cc(668)] Failed to read DnsConfig.
[0627/214611.331:WARNING:dns_config_service_win.cc(668)] Failed to read DnsConfig.
[0627/214634.091:WARNING:dns_config_service_win.cc(668)] Failed to read DnsConfig.
[0627/214639.104:WARNING:dns_config_service_win.cc(668)] Failed to read DnsConfig.
[0627/214644.117:WARNING:dns_config_service_win.cc(668)] Failed to read DnsConfig.
[0627/214649.125:WARNING:dns_config_service_win.cc(668)] Failed to read DnsConfig.
[0627/214654.139:WARNING:dns_config_service_win.cc(668)] Failed to read DnsConfig.
[0627/214718.838:WARNING:dns_config_service_win.cc(668)] Failed to read DnsConfig.
[0627/214723.844:WARNING:dns_config_service_win.cc(668)] Failed to read DnsConfig.
[0627/214728.847:WARNING:dns_config_service_win.cc(668)] Failed to read DnsConfig.
[0627/214733.859:WARNING:dns_config_service_win.cc(668)] Failed to read DnsConfig.
[0627/214738.863:WARNING:dns_config_service_win.cc(668)] Failed to read DnsConfig.
[0627/214759.863:WARNING:dns_config_service_win.cc(668)] Failed to read DnsConfig.
[0627/214804.874:WARNING:dns_config_service_win.cc(668)] Failed to read DnsConfig.
[0627/214809.879:WARNING:dns_config_service_win.cc(668)] Failed to read DnsConfig.
[0627/214814.894:WARNING:dns_config_service_win.cc(668)] Failed to read DnsConfig.
[0627/214819.903:WARNING:dns_config_service_win.cc(668)] Failed to read DnsConfig.
[0627/214845.805:WARNING:dns_config_service_win.cc(668)] Failed to read DnsConfig.
[0627/214850.823:WARNING:dns_config_service_win.cc(668)] Failed to read DnsConfig.
[0627/214855.829:WARNING:dns_config_service_win.cc(668)] Failed to read DnsConfig.
[0627/214900.833:WARNING:dns_config_service_win.cc(668)] Failed to read DnsConfig.
[0627/214905.840:WARNING:dns_config_service_win.cc(668)] Failed to read DnsConfig.
[0627/214929.219:WARNING:dns_config_service_win.cc(668)] Failed to read DnsConfig.
[0627/214934.223:WARNING:dns_config_service_win.cc(668)] Failed to read DnsConfig.
[0627/214939.232:WARNING:dns_config_service_win.cc(668)] Failed to read DnsConfig.
[0627/214944.244:WARNING:dns_config_service_win.cc(668)] Failed to read DnsConfig.
[0627/214949.252:WARNING:dns_config_service_win.cc(668)] Failed to read DnsConfig.
[0627/215012.058:WARNING:dns_config_service_win.cc(668)] Failed to read DnsConfig.
[0627/215017.063:WARNING:dns_config_service_win.cc(668)] Failed to read DnsConfig.
[0627/215022.073:WARNING:dns_config_service_win.cc(668)] Failed to read DnsConfig.
[0627/215027.075:WARNING:dns_config_service_win.cc(668)] Failed to read DnsConfig.
[0627/215032.084:WARNING:dns_config_service_win.cc(668)] Failed to read DnsConfig.
[0627/215059.117:WARNING:dns_config_service_win.cc(668)] Failed to read DnsConfig.
[0627/215104.121:WARNING:dns_config_service_win.cc(668)] Failed to read DnsConfig.
[0627/215109.138:WARNING:dns_config_service_win.cc(668)] Failed to read DnsConfig.
[0627/215114.145:WARNING:dns_config_service_win.cc(668)] Failed to read DnsConfig.
[0627/215119.148:WARNING:dns_config_service_win.cc(668)] Failed to read DnsConfig.
[0627/215140.688:WARNING:dns_config_service_win.cc(668)] Failed to read DnsConfig.
[0627/215145.702:WARNING:dns_config_service_win.cc(668)] Failed to read DnsConfig.
[0627/215150.714:WARNING:dns_config_service_win.cc(668)] Failed to read DnsConfig.
[0627/215155.719:WARNING:dns_config_service_win.cc(668)] Failed to read DnsConfig.
[0627/215200.735:WARNING:dns_config_service_win.cc(668)] Failed to read DnsConfig.
[0627/215225.997:WARNING:dns_config_service_win.cc(668)] Failed to read DnsConfig.
[0627/215231.005:WARNING:dns_config_service_win.cc(668)] Failed to read DnsConfig.
[0627/215236.017:WARNING:dns_config_service_win.cc(668)] Failed to read DnsConfig.
[0627/215241.019:WARNING:dns_config_service_win.cc(668)] Failed to read DnsConfig.
[0627/215246.032:WARNING:dns_config_service_win.cc(668)] Failed to read DnsConfig.
[0627/215307.030:WARNING:dns_config_service_win.cc(668)] Failed to read DnsConfig.
[0627/215312.036:WARNING:dns_config_service_win.cc(668)] Failed to read DnsConfig.
[0627/215317.052:WARNING:dns_config_service_win.cc(668)] Failed to read DnsConfig.
[0627/215322.057:WARNING:dns_config_service_win.cc(668)] Failed to read DnsConfig.
[0627/215327.062:WARNING:dns_config_service_win.cc(668)] Failed to read DnsConfig.
[0627/215349.166:WARNING:dns_config_service_win.cc(668)] Failed to read DnsConfig.
[0627/215354.172:WARNING:dns_config_service_win.cc(668)] Failed to read DnsConfig.
[0627/215359.175:WARNING:dns_config_service_win.cc(668)] Failed to read DnsConfig.
[0627/215404.191:WARNING:dns_config_service_win.cc(668)] Failed to read DnsConfig.
[0627/215409.204:WARNING:dns_config_service_win.cc(668)] Failed to read DnsConfig.
[0627/215430.832:WARNING:dns_config_service_win.cc(668)] Failed to read DnsConfig.
[0627/215435.837:WARNING:dns_config_service_win.cc(668)] Failed to read DnsConfig.
[0627/215440.846:WARNING:dns_config_service_win.cc(668)] Failed to read DnsConfig.
[0627/215445.861:WARNING:dns_config_service_win.cc(668)] Failed to read DnsConfig.
[0627/215450.872:WARNING:dns_config_service_win.cc(668)] Failed to read DnsConfig.
[0627/215514.952:WARNING:dns_config_service_win.cc(668)] Failed to read DnsConfig.
[0627/215519.960:WARNING:dns_config_service_win.cc(668)] Failed to read DnsConfig.
[0627/215524.970:WARNING:dns_config_service_win.cc(668)] Failed to read DnsConfig.
[0627/215529.985:WARNING:dns_config_service_win.cc(668)] Failed to read DnsConfig.
[0627/215534.999:WARNING:dns_config_service_win.cc(668)] Failed to read DnsConfig.
[0627/215556.565:WARNING:dns_config_service_win.cc(668)] Failed to read DnsConfig.
[0627/215601.578:WARNING:dns_config_service_win.cc(668)] Failed to read DnsConfig.
[0627/215606.581:WARNING:dns_config_service_win.cc(668)] Failed to read DnsConfig.
[0627/215611.591:WARNING:dns_config_service_win.cc(668)] Failed to read DnsConfig.
[0627/215616.599:WARNING:dns_config_service_win.cc(668)] Failed to read DnsConfig.
[0627/215639.456:WARNING:dns_config_service_win.cc(668)] Failed to read DnsConfig.
[0627/215644.468:WARNING:dns_config_service_win.cc(668)] Failed to read DnsConfig.
[0627/215649.473:WARNING:dns_config_service_win.cc(668)] Failed to read DnsConfig.
[0627/215654.484:WARNING:dns_config_service_win.cc(668)] Failed to read DnsConfig.
[0627/215659.488:WARNING:dns_config_service_win.cc(668)] Failed to read DnsConfig.
[0627/215722.877:WARNING:dns_config_service_win.cc(668)] Failed to read DnsConfig.
[0627/215727.895:WARNING:dns_config_service_win.cc(668)] Failed to read DnsConfig.
[0627/215732.906:WARNING:dns_config_service_win.cc(668)] Failed to read DnsConfig.
[0627/215737.922:WARNING:dns_config_service_win.cc(668)] Failed to read DnsConfig.
[0627/215742.926:WARNING:dns_config_service_win.cc(668)] Failed to read DnsConfig.
[0627/215805.096:WARNING:dns_config_service_win.cc(668)] Failed to read DnsConfig.
[0627/215810.104:WARNING:dns_config_service_win.cc(668)] Failed to read DnsConfig.
[0627/215815.108:WARNING:dns_config_service_win.cc(668)] Failed to read DnsConfig.
[0627/215820.120:WARNING:dns_config_service_win.cc(668)] Failed to read DnsConfig.
[0627/215825.137:WARNING:dns_config_service_win.cc(668)] Failed to read DnsConfig.
[0627/215847.311:WARNING:dns_config_service_win.cc(668)] Failed to read DnsConfig.
[0627/215852.314:WARNING:dns_config_service_win.cc(668)] Failed to read DnsConfig.
[0627/215857.331:WARNING:dns_config_service_win.cc(668)] Failed to read DnsConfig.
[0627/215902.336:WARNING:dns_config_service_win.cc(668)] Failed to read DnsConfig.
[0627/215907.345:WARNING:dns_config_service_win.cc(668)] Failed to read DnsConfig.
[0627/215933.709:WARNING:dns_config_service_win.cc(668)] Failed to read DnsConfig.
[0627/215938.722:WARNING:dns_config_service_win.cc(668)] Failed to read DnsConfig.
[0627/215943.724:WARNING:dns_config_service_win.cc(668)] Failed to read DnsConfig.
[0627/215948.728:WARNING:dns_config_service_win.cc(668)] Failed to read DnsConfig.
[0627/215953.734:WARNING:dns_config_service_win.cc(668)] Failed to read DnsConfig.
[0627/220017.226:WARNING:dns_config_service_win.cc(668)] Failed to read DnsConfig.
[0627/220022.238:WARNING:dns_config_service_win.cc(668)] Failed to read DnsConfig.
[0627/220027.251:WARNING:dns_config_service_win.cc(668)] Failed to read DnsConfig.
[0627/220032.262:WARNING:dns_config_service_win.cc(668)] Failed to read DnsConfig.
[0627/220037.272:WARNING:dns_config_service_win.cc(668)] Failed to read DnsConfig.
[0627/220058.797:WARNING:dns_config_service_win.cc(668)] Failed to read DnsConfig.
[0627/220103.802:WARNING:dns_config_service_win.cc(668)] Failed to read DnsConfig.
[0627/220108.805:WARNING:dns_config_service_win.cc(668)] Failed to read DnsConfig.
[0627/220113.820:WARNING:dns_config_service_win.cc(668)] Failed to read DnsConfig.
[0627/220118.827:WARNING:dns_config_service_win.cc(668)] Failed to read DnsConfig.
[0627/220144.675:WARNING:dns_config_service_win.cc(668)] Failed to read DnsConfig.
[0627/220149.679:WARNING:dns_config_service_win.cc(668)] Failed to read DnsConfig.
[0627/220154.694:WARNING:dns_config_service_win.cc(668)] Failed to read DnsConfig.
[0627/220159.703:WARNING:dns_config_service_win.cc(668)] Failed to read DnsConfig.
[0627/220204.709:WARNING:dns_config_service_win.cc(668)] Failed to read DnsConfig.
[0627/220226.287:WARNING:dns_config_service_win.cc(668)] Failed to read DnsConfig.
[0627/220231.296:WARNING:dns_config_service_win.cc(668)] Failed to read DnsConfig.
[0627/220236.305:WARNING:dns_config_service_win.cc(668)] Failed to read DnsConfig.
[0627/220241.318:WARNING:dns_config_service_win.cc(668)] Failed to read DnsConfig.
[0627/220246.335:WARNING:dns_config_service_win.cc(668)] Failed to read DnsConfig.
[0627/220308.519:WARNING:dns_config_service_win.cc(668)] Failed to read DnsConfig.
[0627/220313.522:WARNING:dns_config_service_win.cc(668)] Failed to read DnsConfig.
[0627/220318.530:WARNING:dns_config_service_win.cc(668)] Failed to read DnsConfig.
[0627/220323.543:WARNING:dns_config_service_win.cc(668)] Failed to read DnsConfig.
[0627/220328.556:WARNING:dns_config_service_win.cc(668)] Failed to read DnsConfig.
[0627/220351.391:WARNING:dns_config_service_win.cc(668)] Failed to read DnsConfig.
[0627/220356.392:WARNING:dns_config_service_win.cc(668)] Failed to read DnsConfig.
[0627/220401.410:WARNING:dns_config_service_win.cc(668)] Failed to read DnsConfig.
[0627/220406.420:WARNING:dns_config_service_win.cc(668)] Failed to read DnsConfig.
[0627/220411.426:WARNING:dns_config_service_win.cc(668)] Failed to read DnsConfig.
[0627/220438.412:WARNING:dns_config_service_win.cc(668)] Failed to read DnsConfig.
[0627/220443.424:WARNING:dns_config_service_win.cc(668)] Failed to read DnsConfig.
[0627/220448.439:WARNING:dns_config_service_win.cc(668)] Failed to read DnsConfig.
[0627/220453.451:WARNING:dns_config_service_win.cc(668)] Failed to read DnsConfig.
[0627/220458.455:WARNING:dns_config_service_win.cc(668)] Failed to read DnsConfig.
[0627/220526.708:WARNING:dns_config_service_win.cc(668)] Failed to read DnsConfig.
[0627/220531.718:WARNING:dns_config_service_win.cc(668)] Failed to read DnsConfig.
[0627/220536.728:WARNING:dns_config_service_win.cc(668)] Failed to read DnsConfig.
[0627/220541.741:WARNING:dns_config_service_win.cc(668)] Failed to read DnsConfig.
[0627/220702.964:WARNING:dns_config_service_win.cc(668)] Failed to read DnsConfig.
[0627/220707.965:WARNING:dns_config_service_win.cc(668)] Failed to read DnsConfig.
[0627/220712.967:WARNING:dns_config_service_win.cc(668)] Failed to read DnsConfig.
[0627/220737.840:WARNING:dns_config_service_win.cc(668)] Failed to read DnsConfig.
[0627/220742.842:WARNING:dns_config_service_win.cc(668)] Failed to read DnsConfig.
[0627/220747.843:WARNING:dns_config_service_win.cc(668)] Failed to read DnsConfig.
[0627/220752.854:WARNING:dns_config_service_win.cc(668)] Failed to read DnsConfig.
[0627/220757.856:WARNING:dns_config_service_win.cc(668)] Failed to read DnsConfig.
[0627/220823.809:WARNING:dns_config_service_win.cc(668)] Failed to read DnsConfig.
[0627/220828.824:WARNING:dns_config_service_win.cc(668)] Failed to read DnsConfig.
[0627/220833.829:WARNING:dns_config_service_win.cc(668)] Failed to read DnsConfig.
[0627/220838.841:WARNING:dns_config_service_win.cc(668)] Failed to read DnsConfig.
[0627/220843.857:WARNING:dns_config_service_win.cc(668)] Failed to read DnsConfig.
[0627/220905.767:WARNING:dns_config_service_win.cc(668)] Failed to read DnsConfig.
[0627/220910.769:WARNING:dns_config_service_win.cc(668)] Failed to read DnsConfig.
[0627/220915.770:WARNING:dns_config_service_win.cc(668)] Failed to read DnsConfig.
[0627/220920.772:WARNING:dns_config_service_win.cc(668)] Failed to read DnsConfig.
[0627/220925.775:WARNING:dns_config_service_win.cc(668)] Failed to read DnsConfig.
[0705/155648.725:ERROR:mf_helpers.cc(14)] Error in dxva_video_decode_accelerator_win.cc on line 1612
[0705/155648.726:ERROR:mf_helpers.cc(14)] Error in dxva_video_decode_accelerator_win.cc on line 842
[0705/155648.740:WARNING:angle_platform_impl.cc(52)] compileToBinary(230): 
C:\fakepath(69,8-58): warning X3571: pow(f, e) will not work for negative f, use abs(f) or conditionally handle negative values if you expect them
C:\fakepath(77,9-43): warning X3571: pow(f, e) will not work for negative f, use abs(f) or conditionally handle negative values if you expect them

[0705/155648.877:ERROR:mf_helpers.cc(14)] Error in dxva_video_decode_accelerator_win.cc on line 1612
[0705/155648.877:ERROR:mf_helpers.cc(14)] Error in dxva_video_decode_accelerator_win.cc on line 842
[0705/155649.814:ERROR:mf_helpers.cc(14)] Error in dxva_video_decode_accelerator_win.cc on line 1612
[0705/155649.814:ERROR:mf_helpers.cc(14)] Error in dxva_video_decode_accelerator_win.cc on line 842
[0705/155650.126:ERROR:mf_helpers.cc(14)] Error in dxva_video_decode_accelerator_win.cc on line 1612
[0705/155650.126:ERROR:mf_helpers.cc(14)] Error in dxva_video_decode_accelerator_win.cc on line 842
[0705/155651.376:ERROR:mf_helpers.cc(14)] Error in dxva_video_decode_accelerator_win.cc on line 1612
[0705/155651.376:ERROR:mf_helpers.cc(14)] Error in dxva_video_decode_accelerator_win.cc on line 842
[0705/161145.436:ERROR:mf_helpers.cc(14)] Error in dxva_video_decode_accelerator_win.cc on line 1612
[0705/161145.436:ERROR:mf_helpers.cc(14)] Error in dxva_video_decode_accelerator_win.cc on line 842
[0711/231912.448:ERROR:mf_helpers.cc(14)] Error in dxva_video_decode_accelerator_win.cc on line 1612
[0711/231912.449:ERROR:mf_helpers.cc(14)] Error in dxva_video_decode_accelerator_win.cc on line 842
[0711/231912.464:WARNING:angle_platform_impl.cc(52)] compileToBinary(230): 
C:\fakepath(69,8-58): warning X3571: pow(f, e) will not work for negative f, use abs(f) or conditionally handle negative values if you expect them
C:\fakepath(77,9-43): warning X3571: pow(f, e) will not work for negative f, use abs(f) or conditionally handle negative values if you expect them

[0713/023851.105:ERROR:mf_helpers.cc(14)] Error in dxva_video_decode_accelerator_win.cc on line 1612
[0713/023851.105:ERROR:mf_helpers.cc(14)] Error in dxva_video_decode_accelerator_win.cc on line 842
[0713/024734.929:ERROR:mf_helpers.cc(14)] Error in dxva_video_decode_accelerator_win.cc on line 1612
[0713/024734.929:ERROR:mf_helpers.cc(14)] Error in dxva_video_decode_accelerator_win.cc on line 842
[0713/024734.944:WARNING:angle_platform_impl.cc(52)] compileToBinary(230): 
C:\fakepath(69,8-58): warning X3571: pow(f, e) will not work for negative f, use abs(f) or conditionally handle negative values if you expect them
C:\fakepath(77,9-43): warning X3571: pow(f, e) will not work for negative f, use abs(f) or conditionally handle negative values if you expect them

[0713/030755.628:ERROR:mf_helpers.cc(14)] Error in dxva_video_decode_accelerator_win.cc on line 1612
[0713/030755.628:ERROR:mf_helpers.cc(14)] Error in dxva_video_decode_accelerator_win.cc on line 842
[0713/031050.391:ERROR:mf_helpers.cc(14)] Error in dxva_video_decode_accelerator_win.cc on line 1612
[0713/031050.391:ERROR:mf_helpers.cc(14)] Error in dxva_video_decode_accelerator_win.cc on line 842
[0713/031051.641:ERROR:mf_helpers.cc(14)] Error in dxva_video_decode_accelerator_win.cc on line 1612
[0713/031051.641:ERROR:mf_helpers.cc(14)] Error in dxva_video_decode_accelerator_win.cc on line 842
[0713/031051.952:ERROR:mf_helpers.cc(14)] Error in dxva_video_decode_accelerator_win.cc on line 1612
[0713/031051.952:ERROR:mf_helpers.cc(14)] Error in dxva_video_decode_accelerator_win.cc on line 842
[0713/031054.141:ERROR:mf_helpers.cc(14)] Error in dxva_video_decode_accelerator_win.cc on line 1612
[0713/031054.141:ERROR:mf_helpers.cc(14)] Error in dxva_video_decode_accelerator_win.cc on line 842
[0713/031054.448:ERROR:mf_helpers.cc(14)] Error in dxva_video_decode_accelerator_win.cc on line 1612
[0713/031054.448:ERROR:mf_helpers.cc(14)] Error in dxva_video_decode_accelerator_win.cc on line 842
[0713/031055.386:ERROR:mf_helpers.cc(14)] Error in dxva_video_decode_accelerator_win.cc on line 1612
[0713/031055.386:ERROR:mf_helpers.cc(14)] Error in dxva_video_decode_accelerator_win.cc on line 842
[0713/031056.952:ERROR:mf_helpers.cc(14)] Error in dxva_video_decode_accelerator_win.cc on line 1612
[0713/031056.952:ERROR:mf_helpers.cc(14)] Error in dxva_video_decode_accelerator_win.cc on line 842
[0713/031158.984:ERROR:mf_helpers.cc(14)] Error in dxva_video_decode_accelerator_win.cc on line 1612
[0713/031158.984:ERROR:mf_helpers.cc(14)] Error in dxva_video_decode_accelerator_win.cc on line 842
[0713/033344.761:ERROR:mf_helpers.cc(14)] Error in dxva_video_decode_accelerator_win.cc on line 1612
[0713/033344.761:ERROR:mf_helpers.cc(14)] Error in dxva_video_decode_accelerator_win.cc on line 842
[0713/033348.511:ERROR:mf_helpers.cc(14)] Error in dxva_video_decode_accelerator_win.cc on line 1612
[0713/033348.511:ERROR:mf_helpers.cc(14)] Error in dxva_video_decode_accelerator_win.cc on line 842
[0713/034335.857:ERROR:mf_helpers.cc(14)] Error in dxva_video_decode_accelerator_win.cc on line 1612
[0713/034335.857:ERROR:mf_helpers.cc(14)] Error in dxva_video_decode_accelerator_win.cc on line 842
[0713/034336.168:ERROR:mf_helpers.cc(14)] Error in dxva_video_decode_accelerator_win.cc on line 1612
[0713/034336.168:ERROR:mf_helpers.cc(14)] Error in dxva_video_decode_accelerator_win.cc on line 842
[0713/034336.478:ERROR:mf_helpers.cc(14)] Error in dxva_video_decode_accelerator_win.cc on line 1612
[0713/034336.478:ERROR:mf_helpers.cc(14)] Error in dxva_video_decode_accelerator_win.cc on line 842
[0713/034955.387:ERROR:mf_helpers.cc(14)] Error in dxva_video_decode_accelerator_win.cc on line 1612
[0713/034955.387:ERROR:mf_helpers.cc(14)] Error in dxva_video_decode_accelerator_win.cc on line 842
[0713/034955.699:ERROR:mf_helpers.cc(14)] Error in dxva_video_decode_accelerator_win.cc on line 1612
[0713/034955.699:ERROR:mf_helpers.cc(14)] Error in dxva_video_decode_accelerator_win.cc on line 842
[0713/034956.017:ERROR:mf_helpers.cc(14)] Error in dxva_video_decode_accelerator_win.cc on line 1612
[0713/034956.017:ERROR:mf_helpers.cc(14)] Error in dxva_video_decode_accelerator_win.cc on line 842
[0714/000102.338:ERROR:mf_helpers.cc(14)] Error in dxva_video_decode_accelerator_win.cc on line 1612
[0714/000102.338:ERROR:mf_helpers.cc(14)] Error in dxva_video_decode_accelerator_win.cc on line 842
[0714/000102.350:WARNING:angle_platform_impl.cc(52)] compileToBinary(230): 
C:\fakepath(69,8-58): warning X3571: pow(f, e) will not work for negative f, use abs(f) or conditionally handle negative values if you expect them
C:\fakepath(77,9-43): warning X3571: pow(f, e) will not work for negative f, use abs(f) or conditionally handle negative values if you expect them

[0714/000330.590:ERROR:mf_helpers.cc(14)] Error in dxva_video_decode_accelerator_win.cc on line 1612
[0714/000330.590:ERROR:mf_helpers.cc(14)] Error in dxva_video_decode_accelerator_win.cc on line 842
[0717/015350.527:ERROR:mf_helpers.cc(14)] Error in dxva_video_decode_accelerator_win.cc on line 1612
[0717/015350.528:ERROR:mf_helpers.cc(14)] Error in dxva_video_decode_accelerator_win.cc on line 842
[0717/015350.545:WARNING:angle_platform_impl.cc(52)] compileToBinary(230): 
C:\fakepath(69,8-58): warning X3571: pow(f, e) will not work for negative f, use abs(f) or conditionally handle negative values if you expect them
C:\fakepath(77,9-43): warning X3571: pow(f, e) will not work for negative f, use abs(f) or conditionally handle negative values if you expect them

[0728/141723.320:ERROR:mf_helpers.cc(14)] Error in dxva_video_decode_accelerator_win.cc on line 1612
[0728/141723.321:ERROR:mf_helpers.cc(14)] Error in dxva_video_decode_accelerator_win.cc on line 842
[0728/141723.344:WARNING:angle_platform_impl.cc(52)] compileToBinary(230): 
C:\fakepath(69,8-58): warning X3571: pow(f, e) will not work for negative f, use abs(f) or conditionally handle negative values if you expect them
C:\fakepath(77,9-43): warning X3571: pow(f, e) will not work for negative f, use abs(f) or conditionally handle negative values if you expect them

